# JRE version: Java(TM) SE Runtime Environment (8.0_181-b13) (build 1.8.0_181-b13)
# Java VM: Java HotSpot(TM) 64-Bit Server VM (25.181-b13 mixed mode bsd-amd64 compressed oops)
Heap:
 PSYoungGen      total 358912K, used 12742K [0x000000076ab00000, 0x0000000785000000, 0x00000007c0000000)
  eden space 332800K, 3% used [0x000000076ab00000,0x000000076b771a50,0x000000077f000000)
  from space 26112K, 0% used [0x0000000780a80000,0x0000000780a80000,0x0000000782400000)
  to   space 27136K, 0% used [0x000000077f000000,0x000000077f000000,0x0000000780a80000)
 ParOldGen       total 134144K, used 14430K [0x00000006c0000000, 0x00000006c8300000, 0x000000076ab00000)
  object space 134144K, 10% used [0x00000006c0000000,0x00000006c0e17b18,0x00000006c8300000)
 Metaspace       used 35250K, capacity 35896K, committed 36336K, reserved 1081344K
  class space    used 4462K, capacity 4625K, committed 4684K, reserved 1048576K
GC Heap History (10 events):
Event: 4.481 GC heap before
{Heap before GC invocations=4 (full 1):
 PSYoungGen      total 141824K, used 131072K [0x000000076ab00000, 0x0000000774000000, 0x00000007c0000000)
  eden space 131072K, 100% used [0x000000076ab00000,0x0000000772b00000,0x0000000772b00000)
  from space 10752K, 0% used [0x0000000773580000,0x0000000773580000,0x0000000774000000)
  to   space 10752K, 0% used [0x0000000772b00000,0x0000000772b00000,0x0000000773580000)
 ParOldGen       total 96256K, used 5005K [0x00000006c0000000, 0x00000006c5e00000, 0x000000076ab00000)
  object space 96256K, 5% used [0x00000006c0000000,0x00000006c04e34b8,0x00000006c5e00000)
 Metaspace       used 30221K, capacity 30874K, committed 31232K, reserved 1077248K
  class space    used 3834K, capacity 4006K, committed 4096K, reserved 1048576K
Event: 4.500 GC heap after
Heap after GC invocations=4 (full 1):
 PSYoungGen      total 141824K, used 10737K [0x000000076ab00000, 0x0000000778800000, 0x00000007c0000000)
  eden space 131072K, 0% used [0x000000076ab00000,0x000000076ab00000,0x0000000772b00000)
  from space 10752K, 99% used [0x0000000772b00000,0x000000077357c7f8,0x0000000773580000)
  to   space 10752K, 0% used [0x0000000777d80000,0x0000000777d80000,0x0000000778800000)
 ParOldGen       total 96256K, used 16618K [0x00000006c0000000, 0x00000006c5e00000, 0x000000076ab00000)
  object space 96256K, 17% used [0x00000006c0000000,0x00000006c103abf8,0x00000006c5e00000)
 Metaspace       used 30221K, capacity 30874K, committed 31232K, reserved 1077248K
  class space    used 3834K, capacity 4006K, committed 4096K, reserved 1048576K
}
Event: 5.433 GC heap before
{Heap before GC invocations=5 (full 1):
 PSYoungGen      total 141824K, used 103770K [0x000000076ab00000, 0x0000000778800000, 0x00000007c0000000)
  eden space 131072K, 70% used [0x000000076ab00000,0x00000007705da288,0x0000000772b00000)
  from space 10752K, 99% used [0x0000000772b00000,0x000000077357c7f8,0x0000000773580000)
  to   space 10752K, 0% used [0x0000000777d80000,0x0000000777d80000,0x0000000778800000)
 ParOldGen       total 96256K, used 16618K [0x00000006c0000000, 0x00000006c5e00000, 0x000000076ab00000)
  object space 96256K, 17% used [0x00000006c0000000,0x00000006c103abf8,0x00000006c5e00000)
 Metaspace       used 34544K, capacity 35212K, committed 35672K, reserved 1081344K
  class space    used 4364K, capacity 4527K, committed 4608K, reserved 1048576K
Event: 5.450 GC heap after
Heap after GC invocations=5 (full 1):
 PSYoungGen      total 214528K, used 10746K [0x000000076ab00000, 0x0000000778800000, 0x00000007c0000000)
  eden space 203776K, 0% used [0x000000076ab00000,0x000000076ab00000,0x0000000777200000)
  from space 10752K, 99% used [0x0000000777d80000,0x00000007787feb90,0x0000000778800000)
  to   space 10752K, 0% used [0x0000000777300000,0x0000000777300000,0x0000000777d80000)
 ParOldGen       total 96256K, used 27264K [0x00000006c0000000, 0x00000006c5e00000, 0x000000076ab00000)
  object space 96256K, 28% used [0x00000006c0000000,0x00000006c1aa02e8,0x00000006c5e00000)
 Metaspace       used 34544K, capacity 35212K, committed 35672K, reserved 1081344K
  class space    used 4364K, capacity 4527K, committed 4608K, reserved 1048576K
}
Event: 5.670 GC heap before
{Heap before GC invocations=6 (full 1):
 PSYoungGen      total 214528K, used 35670K [0x000000076ab00000, 0x0000000778800000, 0x00000007c0000000)
  eden space 203776K, 12% used [0x000000076ab00000,0x000000076c356d30,0x0000000777200000)
  from space 10752K, 99% used [0x0000000777d80000,0x00000007787feb90,0x0000000778800000)
  to   space 10752K, 0% used [0x0000000777300000,0x0000000777300000,0x0000000777d80000)
 ParOldGen       total 96256K, used 27264K [0x00000006c0000000, 0x00000006c5e00000, 0x000000076ab00000)
  object space 96256K, 28% used [0x00000006c0000000,0x00000006c1aa02e8,0x00000006c5e00000)
 Metaspace       used 34899K, capacity 35596K, committed 36004K, reserved 1081344K
  class space    used 4411K, capacity 4591K, committed 4608K, reserved 1048576K
Event: 5.682 GC heap after
Heap after GC invocations=6 (full 1):
 PSYoungGen      total 215552K, used 10328K [0x000000076ab00000, 0x0000000782400000, 0x00000007c0000000)
  eden space 204800K, 0% used [0x000000076ab00000,0x000000076ab00000,0x0000000777300000)
  from space 10752K, 96% used [0x0000000777300000,0x0000000777d16288,0x0000000777d80000)
  to   space 26112K, 0% used [0x0000000780a80000,0x0000000780a80000,0x0000000782400000)
 ParOldGen       total 96256K, used 35372K [0x00000006c0000000, 0x00000006c5e00000, 0x000000076ab00000)
  object space 96256K, 36% used [0x00000006c0000000,0x00000006c228b318,0x00000006c5e00000)
 Metaspace       used 34899K, capacity 35596K, committed 36004K, reserved 1081344K
  class space    used 4411K, capacity 4591K, committed 4608K, reserved 1048576K
}
Event: 5.732 GC heap before
{Heap before GC invocations=7 (full 1):
 PSYoungGen      total 215552K, used 19795K [0x000000076ab00000, 0x0000000782400000, 0x00000007c0000000)
  eden space 204800K, 4% used [0x000000076ab00000,0x000000076b43ec60,0x0000000777300000)
  from space 10752K, 96% used [0x0000000777300000,0x0000000777d16288,0x0000000777d80000)
  to   space 26112K, 0% used [0x0000000780a80000,0x0000000780a80000,0x0000000782400000)
 ParOldGen       total 96256K, used 35372K [0x00000006c0000000, 0x00000006c5e00000, 0x000000076ab00000)
  object space 96256K, 36% used [0x00000006c0000000,0x00000006c228b318,0x00000006c5e00000)
 Metaspace       used 35195K, capacity 35820K, committed 36080K, reserved 1081344K
  class space    used 4449K, capacity 4623K, committed 4684K, reserved 1048576K
Event: 5.748 GC heap after
Heap after GC invocations=7 (full 1):
 PSYoungGen      total 358912K, used 18604K [0x000000076ab00000, 0x0000000785000000, 0x00000007c0000000)
  eden space 332800K, 0% used [0x000000076ab00000,0x000000076ab00000,0x000000077f000000)
  from space 26112K, 71% used [0x0000000780a80000,0x0000000781cab388,0x0000000782400000)
  to   space 27136K, 0% used [0x000000077f000000,0x000000077f000000,0x0000000780a80000)
 ParOldGen       total 96256K, used 35372K [0x00000006c0000000, 0x00000006c5e00000, 0x000000076ab00000)
  object space 96256K, 36% used [0x00000006c0000000,0x00000006c228b318,0x00000006c5e00000)
 Metaspace       used 35195K, capacity 35820K, committed 36080K, reserved 1081344K
  class space    used 4449K, capacity 4623K, committed 4684K, reserved 1048576K
}
Event: 5.749 GC heap before
{Heap before GC invocations=8 (full 2):
 PSYoungGen      total 358912K, used 18604K [0x000000076ab00000, 0x0000000785000000, 0x00000007c0000000)
  eden space 332800K, 0% used [0x000000076ab00000,0x000000076ab00000,0x000000077f000000)
  from space 26112K, 71% used [0x0000000780a80000,0x0000000781cab388,0x0000000782400000)
  to   space 27136K, 0% used [0x000000077f000000,0x000000077f000000,0x0000000780a80000)
 ParOldGen       total 96256K, used 35372K [0x00000006c0000000, 0x00000006c5e00000, 0x000000076ab00000)
  object space 96256K, 36% used [0x00000006c0000000,0x00000006c228b318,0x00000006c5e00000)
 Metaspace       used 35195K, capacity 35820K, committed 36080K, reserved 1081344K
  class space    used 4449K, capacity 4623K, committed 4684K, reserved 1048576K
Event: 5.790 GC heap after
Heap after GC invocations=8 (full 2):
 PSYoungGen      total 358912K, used 0K [0x000000076ab00000, 0x0000000785000000, 0x00000007c0000000)
  eden space 332800K, 0% used [0x000000076ab00000,0x000000076ab00000,0x000000077f000000)
  from space 26112K, 0% used [0x0000000780a80000,0x0000000780a80000,0x0000000782400000)
  to   space 27136K, 0% used [0x000000077f000000,0x000000077f000000,0x0000000780a80000)
 ParOldGen       total 134144K, used 14430K [0x00000006c0000000, 0x00000006c8300000, 0x000000076ab00000)
  object space 134144K, 10% used [0x00000006c0000000,0x00000006c0e17b18,0x00000006c8300000)
 Metaspace       used 35195K, capacity 35820K, committed 36080K, reserved 1081344K
  class space    used 4449K, capacity 4623K, committed 4684K, reserved 1048576K
}

