# JRE version: Java(TM) SE Runtime Environment (8.0_181-b13) (build 1.8.0_181-b13)
# Java VM: Java HotSpot(TM) 64-Bit Server VM (25.181-b13 mixed mode bsd-amd64 compressed oops)
Heap:
 PSYoungGen      total 107520K, used 59365K [0x000000076ab00000, 0x0000000772080000, 0x00000007c0000000)
  eden space 98816K, 51% used [0x000000076ab00000,0x000000076dc90638,0x0000000770b80000)
  from space 8704K, 98% used [0x0000000771800000,0x0000000772069030,0x0000000772080000)
  to   space 10752K, 0% used [0x0000000770b80000,0x0000000770b80000,0x0000000771600000)
 ParOldGen       total 96768K, used 10417K [0x00000006c0000000, 0x00000006c5e80000, 0x000000076ab00000)
  object space 96768K, 10% used [0x00000006c0000000,0x00000006c0a2c620,0x00000006c5e80000)
 Metaspace       used 22921K, capacity 23482K, committed 23808K, reserved 1071104K
  class space    used 2856K, capacity 3012K, committed 3072K, reserved 1048576K
GC Heap History (10 events):
Event: 2.033 GC heap before
{Heap before GC invocations=1 (full 0):
 PSYoungGen      total 76288K, used 65536K [0x000000076ab00000, 0x0000000770000000, 0x00000007c0000000)
  eden space 65536K, 100% used [0x000000076ab00000,0x000000076eb00000,0x000000076eb00000)
  from space 10752K, 0% used [0x000000076f580000,0x000000076f580000,0x0000000770000000)
  to   space 10752K, 0% used [0x000000076eb00000,0x000000076eb00000,0x000000076f580000)
 ParOldGen       total 175104K, used 0K [0x00000006c0000000, 0x00000006cab00000, 0x000000076ab00000)
  object space 175104K, 0% used [0x00000006c0000000,0x00000006c0000000,0x00000006cab00000)
 Metaspace       used 19266K, capacity 19880K, committed 20096K, reserved 1067008K
  class space    used 2476K, capacity 2637K, committed 2688K, reserved 1048576K
Event: 2.045 GC heap after
Heap after GC invocations=1 (full 0):
 PSYoungGen      total 76288K, used 5183K [0x000000076ab00000, 0x0000000770000000, 0x00000007c0000000)
  eden space 65536K, 0% used [0x000000076ab00000,0x000000076ab00000,0x000000076eb00000)
  from space 10752K, 48% used [0x000000076eb00000,0x000000076f00fd90,0x000000076f580000)
  to   space 10752K, 0% used [0x000000076f580000,0x000000076f580000,0x0000000770000000)
 ParOldGen       total 175104K, used 8K [0x00000006c0000000, 0x00000006cab00000, 0x000000076ab00000)
  object space 175104K, 0% used [0x00000006c0000000,0x00000006c0002000,0x00000006cab00000)
 Metaspace       used 19266K, capacity 19880K, committed 20096K, reserved 1067008K
  class space    used 2476K, capacity 2637K, committed 2688K, reserved 1048576K
}
Event: 2.243 GC heap before
{Heap before GC invocations=2 (full 0):
 PSYoungGen      total 76288K, used 29984K [0x000000076ab00000, 0x0000000770000000, 0x00000007c0000000)
  eden space 65536K, 37% used [0x000000076ab00000,0x000000076c338440,0x000000076eb00000)
  from space 10752K, 48% used [0x000000076eb00000,0x000000076f00fd90,0x000000076f580000)
  to   space 10752K, 0% used [0x000000076f580000,0x000000076f580000,0x0000000770000000)
 ParOldGen       total 175104K, used 8K [0x00000006c0000000, 0x00000006cab00000, 0x000000076ab00000)
  object space 175104K, 0% used [0x00000006c0000000,0x00000006c0002000,0x00000006cab00000)
 Metaspace       used 20559K, capacity 21104K, committed 21248K, reserved 1067008K
  class space    used 2614K, capacity 2767K, committed 2816K, reserved 1048576K
Event: 2.251 GC heap after
Heap after GC invocations=2 (full 0):
 PSYoungGen      total 76288K, used 5191K [0x000000076ab00000, 0x0000000774000000, 0x00000007c0000000)
  eden space 65536K, 0% used [0x000000076ab00000,0x000000076ab00000,0x000000076eb00000)
  from space 10752K, 48% used [0x000000076f580000,0x000000076fa91fd0,0x0000000770000000)
  to   space 10752K, 0% used [0x000000076eb00000,0x000000076eb00000,0x000000076f580000)
 ParOldGen       total 175104K, used 16K [0x00000006c0000000, 0x00000006cab00000, 0x000000076ab00000)
  object space 175104K, 0% used [0x00000006c0000000,0x00000006c0004000,0x00000006cab00000)
 Metaspace       used 20559K, capacity 21104K, committed 21248K, reserved 1067008K
  class space    used 2614K, capacity 2767K, committed 2816K, reserved 1048576K
}
Event: 2.251 GC heap before
{Heap before GC invocations=3 (full 1):
 PSYoungGen      total 76288K, used 5191K [0x000000076ab00000, 0x0000000774000000, 0x00000007c0000000)
  eden space 65536K, 0% used [0x000000076ab00000,0x000000076ab00000,0x000000076eb00000)
  from space 10752K, 48% used [0x000000076f580000,0x000000076fa91fd0,0x0000000770000000)
  to   space 10752K, 0% used [0x000000076eb00000,0x000000076eb00000,0x000000076f580000)
 ParOldGen       total 175104K, used 16K [0x00000006c0000000, 0x00000006cab00000, 0x000000076ab00000)
  object space 175104K, 0% used [0x00000006c0000000,0x00000006c0004000,0x00000006cab00000)
 Metaspace       used 20559K, capacity 21104K, committed 21248K, reserved 1067008K
  class space    used 2614K, capacity 2767K, committed 2816K, reserved 1048576K
Event: 2.286 GC heap after
Heap after GC invocations=3 (full 1):
 PSYoungGen      total 76288K, used 0K [0x000000076ab00000, 0x0000000774000000, 0x00000007c0000000)
  eden space 65536K, 0% used [0x000000076ab00000,0x000000076ab00000,0x000000076eb00000)
  from space 10752K, 0% used [0x000000076f580000,0x000000076f580000,0x0000000770000000)
  to   space 10752K, 0% used [0x000000076eb00000,0x000000076eb00000,0x000000076f580000)
 ParOldGen       total 96768K, used 5009K [0x00000006c0000000, 0x00000006c5e80000, 0x000000076ab00000)
  object space 96768K, 5% used [0x00000006c0000000,0x00000006c04e4600,0x00000006c5e80000)
 Metaspace       used 20559K, capacity 21104K, committed 21248K, reserved 1067008K
  class space    used 2614K, capacity 2767K, committed 2816K, reserved 1048576K
}
Event: 4.249 GC heap before
{Heap before GC invocations=4 (full 1):
 PSYoungGen      total 76288K, used 63305K [0x000000076ab00000, 0x0000000774000000, 0x00000007c0000000)
  eden space 65536K, 96% used [0x000000076ab00000,0x000000076e8d24b0,0x000000076eb00000)
  from space 10752K, 0% used [0x000000076f580000,0x000000076f580000,0x0000000770000000)
  to   space 10752K, 0% used [0x000000076eb00000,0x000000076eb00000,0x000000076f580000)
 ParOldGen       total 96768K, used 5009K [0x00000006c0000000, 0x00000006c5e80000, 0x000000076ab00000)
  object space 96768K, 5% used [0x00000006c0000000,0x00000006c04e4600,0x00000006c5e80000)
 Metaspace       used 22790K, capacity 23398K, committed 23552K, reserved 1069056K
  class space    used 2855K, capacity 3010K, committed 3072K, reserved 1048576K
Event: 4.263 GC heap after
Heap after GC invocations=4 (full 1):
 PSYoungGen      total 76288K, used 9562K [0x000000076ab00000, 0x0000000772280000, 0x00000007c0000000)
  eden space 65536K, 0% used [0x000000076ab00000,0x000000076ab00000,0x000000076eb00000)
  from space 10752K, 88% used [0x000000076eb00000,0x000000076f456a00,0x000000076f580000)
  to   space 10752K, 0% used [0x0000000771800000,0x0000000771800000,0x0000000772280000)
 ParOldGen       total 96768K, used 5009K [0x00000006c0000000, 0x00000006c5e80000, 0x000000076ab00000)
  object space 96768K, 5% used [0x00000006c0000000,0x00000006c04e4600,0x00000006c5e80000)
 Metaspace       used 22790K, capacity 23398K, committed 23552K, reserved 1069056K
  class space    used 2855K, capacity 3010K, committed 3072K, reserved 1048576K
}
Event: 5.148 GC heap before
{Heap before GC invocations=5 (full 1):
 PSYoungGen      total 76288K, used 73496K [0x000000076ab00000, 0x0000000772280000, 0x00000007c0000000)
  eden space 65536K, 97% used [0x000000076ab00000,0x000000076e96f878,0x000000076eb00000)
  from space 10752K, 88% used [0x000000076eb00000,0x000000076f456a00,0x000000076f580000)
  to   space 10752K, 0% used [0x0000000771800000,0x0000000771800000,0x0000000772280000)
 ParOldGen       total 96768K, used 5009K [0x00000006c0000000, 0x00000006c5e80000, 0x000000076ab00000)
  object space 96768K, 5% used [0x00000006c0000000,0x00000006c04e4600,0x00000006c5e80000)
 Metaspace       used 22890K, capacity 23462K, committed 23808K, reserved 1071104K
  class space    used 2855K, capacity 3010K, committed 3072K, reserved 1048576K
Event: 5.156 GC heap after
Heap after GC invocations=5 (full 1):
 PSYoungGen      total 107520K, used 8612K [0x000000076ab00000, 0x0000000772080000, 0x00000007c0000000)
  eden space 98816K, 0% used [0x000000076ab00000,0x000000076ab00000,0x0000000770b80000)
  from space 8704K, 98% used [0x0000000771800000,0x0000000772069030,0x0000000772080000)
  to   space 10752K, 0% used [0x0000000770b80000,0x0000000770b80000,0x0000000771600000)
 ParOldGen       total 96768K, used 10417K [0x00000006c0000000, 0x00000006c5e80000, 0x000000076ab00000)
  object space 96768K, 10% used [0x00000006c0000000,0x00000006c0a2c620,0x00000006c5e80000)
 Metaspace       used 22890K, capacity 23462K, committed 23808K, reserved 1071104K
  class space    used 2855K, capacity 3010K, committed 3072K, reserved 1048576K
}

