# JRE version: Java(TM) SE Runtime Environment (8.0_181-b13) (build 1.8.0_181-b13)
# Java VM: Java HotSpot(TM) 64-Bit Server VM (25.181-b13 mixed mode bsd-amd64 compressed oops)
Heap:
 PSYoungGen      total 175616K, used 24255K [0x000000076ab00000, 0x0000000777880000, 0x00000007c0000000)
  eden space 166400K, 9% used [0x000000076ab00000,0x000000076b9c29f8,0x0000000774d80000)
  from space 9216K, 99% used [0x0000000776f80000,0x000000077786d590,0x0000000777880000)
  to   space 19456K, 0% used [0x0000000775280000,0x0000000775280000,0x0000000776580000)
 ParOldGen       total 143872K, used 15060K [0x00000006c0000000, 0x00000006c8c80000, 0x000000076ab00000)
  object space 143872K, 10% used [0x00000006c0000000,0x00000006c0eb5180,0x00000006c8c80000)
 Metaspace       used 35558K, capacity 36158K, committed 36568K, reserved 1081344K
  class space    used 4503K, capacity 4674K, committed 4736K, reserved 1048576K
GC Heap History (10 events):
Event: 2.934 GC heap before
{Heap before GC invocations=4 (full 1):
 PSYoungGen      total 76288K, used 65536K [0x000000076ab00000, 0x0000000774000000, 0x00000007c0000000)
  eden space 65536K, 100% used [0x000000076ab00000,0x000000076eb00000,0x000000076eb00000)
  from space 10752K, 0% used [0x000000076f580000,0x000000076f580000,0x0000000770000000)
  to   space 10752K, 0% used [0x000000076eb00000,0x000000076eb00000,0x000000076f580000)
 ParOldGen       total 90624K, used 5031K [0x00000006c0000000, 0x00000006c5880000, 0x000000076ab00000)
  object space 90624K, 5% used [0x00000006c0000000,0x00000006c04e9d20,0x00000006c5880000)
 Metaspace       used 28296K, capacity 28920K, committed 29184K, reserved 1075200K
  class space    used 3575K, capacity 3765K, committed 3840K, reserved 1048576K
Event: 2.939 GC heap after
Heap after GC invocations=4 (full 1):
 PSYoungGen      total 76288K, used 6941K [0x000000076ab00000, 0x0000000772900000, 0x00000007c0000000)
  eden space 65536K, 0% used [0x000000076ab00000,0x000000076ab00000,0x000000076eb00000)
  from space 10752K, 64% used [0x000000076eb00000,0x000000076f1c76a0,0x000000076f580000)
  to   space 10752K, 0% used [0x0000000771e80000,0x0000000771e80000,0x0000000772900000)
 ParOldGen       total 90624K, used 5039K [0x00000006c0000000, 0x00000006c5880000, 0x000000076ab00000)
  object space 90624K, 5% used [0x00000006c0000000,0x00000006c04ebd20,0x00000006c5880000)
 Metaspace       used 28296K, capacity 28920K, committed 29184K, reserved 1075200K
  class space    used 3575K, capacity 3765K, committed 3840K, reserved 1048576K
}
Event: 3.672 GC heap before
{Heap before GC invocations=5 (full 1):
 PSYoungGen      total 76288K, used 71594K [0x000000076ab00000, 0x0000000772900000, 0x00000007c0000000)
  eden space 65536K, 98% used [0x000000076ab00000,0x000000076ea233c8,0x000000076eb00000)
  from space 10752K, 64% used [0x000000076eb00000,0x000000076f1c76a0,0x000000076f580000)
  to   space 10752K, 0% used [0x0000000771e80000,0x0000000771e80000,0x0000000772900000)
 ParOldGen       total 90624K, used 5039K [0x00000006c0000000, 0x00000006c5880000, 0x000000076ab00000)
  object space 90624K, 5% used [0x00000006c0000000,0x00000006c04ebd20,0x00000006c5880000)
 Metaspace       used 33645K, capacity 34238K, committed 34432K, reserved 1079296K
  class space    used 4272K, capacity 4444K, committed 4480K, reserved 1048576K
Event: 3.689 GC heap after
Heap after GC invocations=5 (full 1):
 PSYoungGen      total 118272K, used 10721K [0x000000076ab00000, 0x0000000772980000, 0x00000007c0000000)
  eden space 107520K, 0% used [0x000000076ab00000,0x000000076ab00000,0x0000000771400000)
  from space 10752K, 99% used [0x0000000771e80000,0x00000007728f84b0,0x0000000772900000)
  to   space 10752K, 0% used [0x0000000771400000,0x0000000771400000,0x0000000771e80000)
 ParOldGen       total 90624K, used 12975K [0x00000006c0000000, 0x00000006c5880000, 0x000000076ab00000)
  object space 90624K, 14% used [0x00000006c0000000,0x00000006c0cabea8,0x00000006c5880000)
 Metaspace       used 33645K, capacity 34238K, committed 34432K, reserved 1079296K
  class space    used 4272K, capacity 4444K, committed 4480K, reserved 1048576K
}
Event: 4.006 GC heap before
{Heap before GC invocations=6 (full 1):
 PSYoungGen      total 118272K, used 49880K [0x000000076ab00000, 0x0000000772980000, 0x00000007c0000000)
  eden space 107520K, 36% used [0x000000076ab00000,0x000000076d13ddc0,0x0000000771400000)
  from space 10752K, 99% used [0x0000000771e80000,0x00000007728f84b0,0x0000000772900000)
  to   space 10752K, 0% used [0x0000000771400000,0x0000000771400000,0x0000000771e80000)
 ParOldGen       total 90624K, used 12975K [0x00000006c0000000, 0x00000006c5880000, 0x000000076ab00000)
  object space 90624K, 14% used [0x00000006c0000000,0x00000006c0cabea8,0x00000006c5880000)
 Metaspace       used 34671K, capacity 35210K, committed 35416K, reserved 1081344K
  class space    used 4384K, capacity 4574K, committed 4608K, reserved 1048576K
Event: 4.018 GC heap after
Heap after GC invocations=6 (full 1):
 PSYoungGen      total 118272K, used 10723K [0x000000076ab00000, 0x0000000778400000, 0x00000007c0000000)
  eden space 107520K, 0% used [0x000000076ab00000,0x000000076ab00000,0x0000000771400000)
  from space 10752K, 99% used [0x0000000771400000,0x0000000771e78d00,0x0000000771e80000)
  to   space 20992K, 0% used [0x0000000776f80000,0x0000000776f80000,0x0000000778400000)
 ParOldGen       total 90624K, used 18729K [0x00000006c0000000, 0x00000006c5880000, 0x000000076ab00000)
  object space 90624K, 20% used [0x00000006c0000000,0x00000006c124a5b0,0x00000006c5880000)
 Metaspace       used 34671K, capacity 35210K, committed 35416K, reserved 1081344K
  class space    used 4384K, capacity 4574K, committed 4608K, reserved 1048576K
}
Event: 4.018 GC heap before
{Heap before GC invocations=7 (full 2):
 PSYoungGen      total 118272K, used 10723K [0x000000076ab00000, 0x0000000778400000, 0x00000007c0000000)
  eden space 107520K, 0% used [0x000000076ab00000,0x000000076ab00000,0x0000000771400000)
  from space 10752K, 99% used [0x0000000771400000,0x0000000771e78d00,0x0000000771e80000)
  to   space 20992K, 0% used [0x0000000776f80000,0x0000000776f80000,0x0000000778400000)
 ParOldGen       total 90624K, used 18729K [0x00000006c0000000, 0x00000006c5880000, 0x000000076ab00000)
  object space 90624K, 20% used [0x00000006c0000000,0x00000006c124a5b0,0x00000006c5880000)
 Metaspace       used 34671K, capacity 35210K, committed 35416K, reserved 1081344K
  class space    used 4384K, capacity 4574K, committed 4608K, reserved 1048576K
Event: 4.055 GC heap after
Heap after GC invocations=7 (full 2):
 PSYoungGen      total 118272K, used 0K [0x000000076ab00000, 0x0000000778400000, 0x00000007c0000000)
  eden space 107520K, 0% used [0x000000076ab00000,0x000000076ab00000,0x0000000771400000)
  from space 10752K, 0% used [0x0000000771400000,0x0000000771400000,0x0000000771e80000)
  to   space 20992K, 0% used [0x0000000776f80000,0x0000000776f80000,0x0000000778400000)
 ParOldGen       total 143872K, used 15052K [0x00000006c0000000, 0x00000006c8c80000, 0x000000076ab00000)
  object space 143872K, 10% used [0x00000006c0000000,0x00000006c0eb3180,0x00000006c8c80000)
 Metaspace       used 34671K, capacity 35210K, committed 35416K, reserved 1081344K
  class space    used 4384K, capacity 4574K, committed 4608K, reserved 1048576K
}
Event: 5.412 GC heap before
{Heap before GC invocations=8 (full 2):
 PSYoungGen      total 118272K, used 107437K [0x000000076ab00000, 0x0000000778400000, 0x00000007c0000000)
  eden space 107520K, 99% used [0x000000076ab00000,0x00000007713eb538,0x0000000771400000)
  from space 10752K, 0% used [0x0000000771400000,0x0000000771400000,0x0000000771e80000)
  to   space 20992K, 0% used [0x0000000776f80000,0x0000000776f80000,0x0000000778400000)
 ParOldGen       total 143872K, used 15052K [0x00000006c0000000, 0x00000006c8c80000, 0x000000076ab00000)
  object space 143872K, 10% used [0x00000006c0000000,0x00000006c0eb3180,0x00000006c8c80000)
 Metaspace       used 35544K, capacity 36146K, committed 36568K, reserved 1081344K
  class space    used 4501K, capacity 4672K, committed 4736K, reserved 1048576K
Event: 5.419 GC heap after
Heap after GC invocations=8 (full 2):
 PSYoungGen      total 175616K, used 9141K [0x000000076ab00000, 0x0000000777880000, 0x00000007c0000000)
  eden space 166400K, 0% used [0x000000076ab00000,0x000000076ab00000,0x0000000774d80000)
  from space 9216K, 99% used [0x0000000776f80000,0x000000077786d590,0x0000000777880000)
  to   space 19456K, 0% used [0x0000000775280000,0x0000000775280000,0x0000000776580000)
 ParOldGen       total 143872K, used 15060K [0x00000006c0000000, 0x00000006c8c80000, 0x000000076ab00000)
  object space 143872K, 10% used [0x00000006c0000000,0x00000006c0eb5180,0x00000006c8c80000)
 Metaspace       used 35544K, capacity 36146K, committed 36568K, reserved 1081344K
  class space    used 4501K, capacity 4672K, committed 4736K, reserved 1048576K
}

