# JRE version: Java(TM) SE Runtime Environment (8.0_181-b13) (build 1.8.0_181-b13)
# Java VM: Java HotSpot(TM) 64-Bit Server VM (25.181-b13 mixed mode bsd-amd64 compressed oops)
Heap:
 PSYoungGen      total 110080K, used 51541K [0x000000076ab00000, 0x0000000772280000, 0x00000007c0000000)
  eden space 100864K, 42% used [0x000000076ab00000,0x000000076d4fc678,0x0000000770d80000)
  from space 9216K, 92% used [0x0000000771980000,0x00000007721d9030,0x0000000772280000)
  to   space 10752K, 0% used [0x0000000770d80000,0x0000000770d80000,0x0000000771800000)
 ParOldGen       total 95744K, used 13214K [0x00000006c0000000, 0x00000006c5d80000, 0x000000076ab00000)
  object space 95744K, 13% used [0x00000006c0000000,0x00000006c0ce7ab0,0x00000006c5d80000)
 Metaspace       used 22731K, capacity 23272K, committed 23552K, reserved 1069056K
  class space    used 2855K, capacity 2993K, committed 3072K, reserved 1048576K
GC Heap History (10 events):
Event: 2.276 GC heap before
{Heap before GC invocations=1 (full 0):
 PSYoungGen      total 76288K, used 65536K [0x000000076ab00000, 0x0000000770000000, 0x00000007c0000000)
  eden space 65536K, 100% used [0x000000076ab00000,0x000000076eb00000,0x000000076eb00000)
  from space 10752K, 0% used [0x000000076f580000,0x000000076f580000,0x0000000770000000)
  to   space 10752K, 0% used [0x000000076eb00000,0x000000076eb00000,0x000000076f580000)
 ParOldGen       total 175104K, used 0K [0x00000006c0000000, 0x00000006cab00000, 0x000000076ab00000)
  object space 175104K, 0% used [0x00000006c0000000,0x00000006c0000000,0x00000006cab00000)
 Metaspace       used 19292K, capacity 19808K, committed 20096K, reserved 1067008K
  class space    used 2490K, capacity 2635K, committed 2688K, reserved 1048576K
Event: 2.284 GC heap after
Heap after GC invocations=1 (full 0):
 PSYoungGen      total 76288K, used 5215K [0x000000076ab00000, 0x0000000770000000, 0x00000007c0000000)
  eden space 65536K, 0% used [0x000000076ab00000,0x000000076ab00000,0x000000076eb00000)
  from space 10752K, 48% used [0x000000076eb00000,0x000000076f017d70,0x000000076f580000)
  to   space 10752K, 0% used [0x000000076f580000,0x000000076f580000,0x0000000770000000)
 ParOldGen       total 175104K, used 16K [0x00000006c0000000, 0x00000006cab00000, 0x000000076ab00000)
  object space 175104K, 0% used [0x00000006c0000000,0x00000006c0004000,0x00000006cab00000)
 Metaspace       used 19292K, capacity 19808K, committed 20096K, reserved 1067008K
  class space    used 2490K, capacity 2635K, committed 2688K, reserved 1048576K
}
Event: 2.473 GC heap before
{Heap before GC invocations=2 (full 0):
 PSYoungGen      total 76288K, used 30883K [0x000000076ab00000, 0x0000000770000000, 0x00000007c0000000)
  eden space 65536K, 39% used [0x000000076ab00000,0x000000076c410f28,0x000000076eb00000)
  from space 10752K, 48% used [0x000000076eb00000,0x000000076f017d70,0x000000076f580000)
  to   space 10752K, 0% used [0x000000076f580000,0x000000076f580000,0x0000000770000000)
 ParOldGen       total 175104K, used 16K [0x00000006c0000000, 0x00000006cab00000, 0x000000076ab00000)
  object space 175104K, 0% used [0x00000006c0000000,0x00000006c0004000,0x00000006cab00000)
 Metaspace       used 20666K, capacity 21192K, committed 21248K, reserved 1067008K
  class space    used 2639K, capacity 2797K, committed 2816K, reserved 1048576K
Event: 2.482 GC heap after
Heap after GC invocations=2 (full 0):
 PSYoungGen      total 76288K, used 5237K [0x000000076ab00000, 0x0000000774000000, 0x00000007c0000000)
  eden space 65536K, 0% used [0x000000076ab00000,0x000000076ab00000,0x000000076eb00000)
  from space 10752K, 48% used [0x000000076f580000,0x000000076fa9d7e8,0x0000000770000000)
  to   space 10752K, 0% used [0x000000076eb00000,0x000000076eb00000,0x000000076f580000)
 ParOldGen       total 175104K, used 24K [0x00000006c0000000, 0x00000006cab00000, 0x000000076ab00000)
  object space 175104K, 0% used [0x00000006c0000000,0x00000006c0006000,0x00000006cab00000)
 Metaspace       used 20666K, capacity 21192K, committed 21248K, reserved 1067008K
  class space    used 2639K, capacity 2797K, committed 2816K, reserved 1048576K
}
Event: 2.482 GC heap before
{Heap before GC invocations=3 (full 1):
 PSYoungGen      total 76288K, used 5237K [0x000000076ab00000, 0x0000000774000000, 0x00000007c0000000)
  eden space 65536K, 0% used [0x000000076ab00000,0x000000076ab00000,0x000000076eb00000)
  from space 10752K, 48% used [0x000000076f580000,0x000000076fa9d7e8,0x0000000770000000)
  to   space 10752K, 0% used [0x000000076eb00000,0x000000076eb00000,0x000000076f580000)
 ParOldGen       total 175104K, used 24K [0x00000006c0000000, 0x00000006cab00000, 0x000000076ab00000)
  object space 175104K, 0% used [0x00000006c0000000,0x00000006c0006000,0x00000006cab00000)
 Metaspace       used 20666K, capacity 21192K, committed 21248K, reserved 1067008K
  class space    used 2639K, capacity 2797K, committed 2816K, reserved 1048576K
Event: 2.513 GC heap after
Heap after GC invocations=3 (full 1):
 PSYoungGen      total 76288K, used 0K [0x000000076ab00000, 0x0000000774000000, 0x00000007c0000000)
  eden space 65536K, 0% used [0x000000076ab00000,0x000000076ab00000,0x000000076eb00000)
  from space 10752K, 0% used [0x000000076f580000,0x000000076f580000,0x0000000770000000)
  to   space 10752K, 0% used [0x000000076eb00000,0x000000076eb00000,0x000000076f580000)
 ParOldGen       total 95744K, used 5106K [0x00000006c0000000, 0x00000006c5d80000, 0x000000076ab00000)
  object space 95744K, 5% used [0x00000006c0000000,0x00000006c04fca80,0x00000006c5d80000)
 Metaspace       used 20666K, capacity 21192K, committed 21248K, reserved 1067008K
  class space    used 2639K, capacity 2797K, committed 2816K, reserved 1048576K
}
Event: 4.230 GC heap before
{Heap before GC invocations=4 (full 1):
 PSYoungGen      total 76288K, used 65536K [0x000000076ab00000, 0x0000000774000000, 0x00000007c0000000)
  eden space 65536K, 100% used [0x000000076ab00000,0x000000076eb00000,0x000000076eb00000)
  from space 10752K, 0% used [0x000000076f580000,0x000000076f580000,0x0000000770000000)
  to   space 10752K, 0% used [0x000000076eb00000,0x000000076eb00000,0x000000076f580000)
 ParOldGen       total 95744K, used 5106K [0x00000006c0000000, 0x00000006c5d80000, 0x000000076ab00000)
  object space 95744K, 5% used [0x00000006c0000000,0x00000006c04fca80,0x00000006c5d80000)
 Metaspace       used 22692K, capacity 23188K, committed 23552K, reserved 1069056K
  class space    used 2854K, capacity 2991K, committed 3072K, reserved 1048576K
Event: 4.238 GC heap after
Heap after GC invocations=4 (full 1):
 PSYoungGen      total 76288K, used 9394K [0x000000076ab00000, 0x0000000772400000, 0x00000007c0000000)
  eden space 65536K, 0% used [0x000000076ab00000,0x000000076ab00000,0x000000076eb00000)
  from space 10752K, 87% used [0x000000076eb00000,0x000000076f42c818,0x000000076f580000)
  to   space 10752K, 0% used [0x0000000771980000,0x0000000771980000,0x0000000772400000)
 ParOldGen       total 95744K, used 7806K [0x00000006c0000000, 0x00000006c5d80000, 0x000000076ab00000)
  object space 95744K, 8% used [0x00000006c0000000,0x00000006c079fa90,0x00000006c5d80000)
 Metaspace       used 22692K, capacity 23188K, committed 23552K, reserved 1069056K
  class space    used 2854K, capacity 2991K, committed 3072K, reserved 1048576K
}
Event: 5.200 GC heap before
{Heap before GC invocations=5 (full 1):
 PSYoungGen      total 76288K, used 72884K [0x000000076ab00000, 0x0000000772400000, 0x00000007c0000000)
  eden space 65536K, 96% used [0x000000076ab00000,0x000000076e900a88,0x000000076eb00000)
  from space 10752K, 87% used [0x000000076eb00000,0x000000076f42c818,0x000000076f580000)
  to   space 10752K, 0% used [0x0000000771980000,0x0000000771980000,0x0000000772400000)
 ParOldGen       total 95744K, used 7806K [0x00000006c0000000, 0x00000006c5d80000, 0x000000076ab00000)
  object space 95744K, 8% used [0x00000006c0000000,0x00000006c079fa90,0x00000006c5d80000)
 Metaspace       used 22702K, capacity 23188K, committed 23552K, reserved 1069056K
  class space    used 2854K, capacity 2991K, committed 3072K, reserved 1048576K
Event: 5.210 GC heap after
Heap after GC invocations=5 (full 1):
 PSYoungGen      total 110080K, used 8548K [0x000000076ab00000, 0x0000000772280000, 0x00000007c0000000)
  eden space 100864K, 0% used [0x000000076ab00000,0x000000076ab00000,0x0000000770d80000)
  from space 9216K, 92% used [0x0000000771980000,0x00000007721d9030,0x0000000772280000)
  to   space 10752K, 0% used [0x0000000770d80000,0x0000000770d80000,0x0000000771800000)
 ParOldGen       total 95744K, used 13214K [0x00000006c0000000, 0x00000006c5d80000, 0x000000076ab00000)
  object space 95744K, 13% used [0x00000006c0000000,0x00000006c0ce7ab0,0x00000006c5d80000)
 Metaspace       used 22702K, capacity 23188K, committed 23552K, reserved 1069056K
  class space    used 2854K, capacity 2991K, committed 3072K, reserved 1048576K
}

